Couldn't load shader dll: game_shader_generic_garrysmod_srv.soConVarRef mat_dxlevel doesn't point to an existing ConVar
Game_srv.so loaded for "Garry's Mod"
Initializing Steam libraries for Workshop..
WS: No +host_workshop_collection or it is invalid!
Adding Filesystem Addon '/home/gmcgame/lelandk/174/garrysmod/addons/_ugc_ws'
Adding Filesystem Addon '/home/gmcgame/lelandk/174/garrysmod/addons/gmcpanel-workshop-merged'
Adding Filesystem Addon '/home/gmcgame/lelandk/174/garrysmod/addons/moat_addons'
Adding Filesystem Addon '/home/gmcgame/lelandk/174/garrysmod/addons/ttt_mc_teenroom'
Unknown command "cl_cmdrate"
Unknown command "cl_updaterate"
Unknown command "rate"
Changing gamemode to Trouble in Terrorist Town (terrortown)
Usage: sv_setsteamaccount <login_token>
"host_workshop_collection" = ""
 game
WARNING: Port 28005 was unavailable - bound to port 28009 instead
Network: IP 208.103.169.62, mode MP, dedicated Yes, ports 27017 SV / 28009 CL
Error loading cfg/trusted_keys_base.txt
Error loading cfg/pure_server_minimal.txt
PREP OK

[moat_addons] addons/moat_addons/lua/system/app/yugh/modules/servers.lua:109: attempt to concatenate a nil value
  1. Servers - addons/moat_addons/lua/system/app/yugh/modules/servers.lua:109
   2. unknown - addons/moat_addons/lua/system/app/core/servers.lua:9
    3. include - [C]:-1
     4. unknown - addons/moat_addons/lua/system/app/core/init.lua:602
      5. include - [C]:-1
       6. unknown - addons/moat_addons/lua/autorun/init.lua:4

MGA | Commands loaded. Count: 61
[AddCSLuaFile] Couldn't find '_games/stalker/m_cl.lua' (@addons/moat_addons/lua/plugins/minigames/init.lua (line 14))
Couldn't include file '_games/stalker/m_sv.lua' (File not found) (@addons/moat_addons/lua/plugins/minigames/init.lua (line 15))
[AddCSLuaFile] Couldn't find '_games/hh/m_cl.lua' (@addons/moat_addons/lua/plugins/minigames/init.lua (line 14))
Couldn't include file '_games/hh/m_sv.lua' (File not found) (@addons/moat_addons/lua/plugins/minigames/init.lua (line 15))
[Tera Minigames]Loaded successfully.
[moat.gg] ---------------------------------------------------------------------------------------
[moat.gg] ---------------------------------------------------------------------------------------
[moat.gg] |
[moat.gg] | Welcome to moat.gg TTT!
[moat.gg] |
[moat.gg] | We're changing the way people play and experience TTT together.
[moat.gg] |
[moat.gg] ---------------------------------------------------------------------------------------
[moat.gg] ---------------------------------------------------------------------------------------
[moat.gg] | TERA TTT's Development Team
[moat.gg] |
[moat.gg] | Tom > https://steamcommunity.com/profiles/76561198848501723
[moat.gg] | Deathwish > https://steamcommunity.com/profiles/76561198274466199
[moat.gg] | swag > https://steamcommunity.com/profiles/76561198859708729
[moat.gg] |
[moat.gg] ---------------------------------------------------------------------------------------
[moat.gg] ---------------------------------------------------------------------------------------
[moat.gg] | Need to report a bug? We'd love to hear from you
[moat.gg] | The best way to contact us is on our Discord server.
[moat.gg] |
[moat.gg] | > https://discord.moat.gg
[moat.gg] | > https://discord.moat.gg
[moat.gg] | > https://discord.moat.gg
[moat.gg] ---------------------------------------------------------------------------------------
[moat.gg] ---------------------------------------------------------------------------------------
Particles: Missing 'particles/tfa_dshotgun_muzzle.pcf'
[AddCSLuaFile] Couldn't find 'weapons/tfa_doom_ssg/shared.lua' (<nowhere>)
[AddCSLuaFile] Couldn't find 'weapons/weapon_head_taker/shared.lua' (<nowhere>)
tfa_damage_multiplier is missing!  You might've hit the lua limit.  Contact the SWEP author(s). Reverting multiplier to 1.

[moat_addons] addons/moat_addons/lua/weapons/weapon_tfabase.lua:332: attempt to index a nil value
  1. unknown - addons/moat_addons/lua/weapons/weapon_tfabase.lua:332

[AddCSLuaFile] Refusing to AddCSLuaFile 'weapons/weapons - shortcut.lnk/shared.lua' (<nowhere>) because its name contains dodgy symbols
Trouble In Terrorist Town gamemode initializing...
This is TTT version 2016-04-20
ConVarRef room_type doesn't point to an existing ConVar
Executing dedicated server config file server.cfg
Using map cycle file cfg/mapcycle.txt.
Attempting to force sv_hibernate_think to 1. Don't blame me for this!
Initializing Steam libraries for secure Internet server
No account token specified; logging into anonymous game server account.  (Use sv_setsteamaccount to login to a persistent account.)
Unknown command "----TTT"
[moat.gg] | MySQL connection established at Mon Nov 22 10:13:18 2021
MGA | MySQL connection established at Mon Nov 22 10:13:18 2021
MySQL connection established at Mon Nov 22 10:13:18 2021
Events | MySQL connection established at Mon Nov 22 10:13:18 2021
Loading player_servers for 208.103.169.62:27017
MSE | MySQL connection established at Mon Nov 22 10:13:18 2021
Retrieving contracts
Loaded global gamble chat
Loaded player_servers ID: 1
addons/moat_addons/lua/plugins/moat/modules/inv2/server/sv_tabs_bounties.lua:273: attempt to index a nil value
addons/moat_addons/lua/plugins/moat/modules/inv2/server/sv_tabs_bounties.lua:324: attempt to index a nil value
Connection to Steam servers successful.
   Public IP is 208.103.169.62.
Assigned anonymous gameserver Steam ID [A-1:3198373899(18947)].
VAC secure mode is activated.
Your server is using an outdated mysqloo9 version
Download the latest version from here:
https://github.com/syl0r/MySQLOO/releases
Retrieving contracts
Client "Rosé Tera.gg" connected (71.217.171.205:27005).
MGA | STEAM_0:1:444117997 | Connecting
Retrieving contracts
Retrieving contracts
TTT initializing convar settings...
Rosé Tera.gg last joined 17 minutes ago.
Inventory saved for Rosé Tera.gg
[moat.gg] Query Error: Unknown column 'inventory_backup' in 'field list' | With Query: UPDATE core_dev_ttt SET inventory_backup='' WHERE steamid = ?;true
ServerLog: Steam API Fail: unsuccessful
Retrieving contracts
Inventory sent in 0.00033605699999839 secs to Rosé Tera.gg
lottery_sent
Retrieving contracts
Retrieving contracts
Retrieving contracts
Retrieving contracts
Retrieving contracts
Client "deathwish" connected (75.75.20.78:27005).
MGA | STEAM_0:1:157100235 | Connecting
Retrieving contracts
deathwish last joined 18 minutes ago.
Retrieving contracts
Inventory saved for deathwish
[moat.gg] Query Error: Unknown column 'inventory_backup' in 'field list' | With Query: UPDATE core_dev_ttt SET inventory_backup='' WHERE steamid = ?;true
Model missing: models/Player_ZssSamusU.mdl
Model missing: models/Player_ZssSamusU.mdl
Inventory sent in 0.0019264449999952 secs to deathwish
ServerLog: Steam API Fail: unsuccessful
lottery_sent
Model missing: models/Player_ZssSamusU.mdl
Model missing: models/Player_ZssSamusU.mdl
Model missing: models/Player_ZssSamusU.mdl
Model missing: models/Player_ZssSamusU.mdl
Model missing: models/Player_ZssSamusU.mdl
Model missing: models/Player_ZssSamusU.mdl
Retrieving contracts
Model missing: models/Player_ZssSamusU.mdl
Model missing: models/Player_ZssSamusU.mdl
Model missing: models/Player_ZssSamusU.mdl
Model missing: models/Player_ZssSamusU.mdl
Model missing: models/Player_ZssSamusU.mdl
Model missing: models/Player_ZssSamusU.mdl
Model missing: models/Player_ZssSamusU.mdl
Model missing: models/Player_ZssSamusU.mdl
Model missing: models/Player_ZssSamusU.mdl
Model missing: models/Player_ZssSamusU.mdl
Retrieving contracts
Model missing: models/Player_ZssSamusU.mdl
Model missing: models/Player_ZssSamusU.mdl
Model missing: models/Player_ZssSamusU.mdl
Model missing: models/Player_ZssSamusU.mdl
Model missing: models/Player_ZssSamusU.mdl
Model missing: models/Player_ZssSamusU.mdl
Model missing: models/Player_ZssSamusU.mdl
Model missing: models/Player_ZssSamusU.mdl
Model missing: models/Player_ZssSamusU.mdl
Model missing: models/Player_ZssSamusU.mdl
Retrieving contracts
Model missing: models/Player_ZssSamusU.mdl
Model missing: models/Player_ZssSamusU.mdl
Model missing: models/Player_ZssSamusU.mdl
Model missing: models/Player_ZssSamusU.mdl
